Exception at PC 0x00007FF89F3EA388
Unable to capture context for thread 9136 in process 180, can not generate back trace
Unable to capture context for thread 12656 in process 180, can not generate back trace
Unable to capture context for thread 11916 in process 180, can not generate back trace
Exception at PC 0x00007FF80137BB93
Printing stacktrace...

Unable to capture context for thread 11916 in process 180, can not generate back trace
Exception at PC 0x00007FF89F3EA388
Exception at PC 0x00007FF89F3EA388
Exception at PC 0x00007FF89F3EA388
Exception at PC 0x00007FF89F3EA388
Exception at PC 0x00007FF89F3EA388
Exception at PC 0x00007FF89F3EA388
Exception at PC 0x00007FF89F3EA388
Exception at PC 0x00007FF89F3EA388
Exception at PC 0x00007FF89F3EA388
Exception at PC 0x00007FF89F3EA388
Exception at PC 0x00007FF89F3EA388
Exception at PC 0x00007FF89F3EA388
Exception at PC 0x00007FF89F3EA388
Exception at PC 0x00007FF89F3EA388
Exception at PC 0x00007FF89F3EA388
Exception at PC 0x00007FF89F3EA388
[0]  [0x00007FF80137BB93]
[1]  [0x00007FF80137BB93]
[2]  [0x00007FF80137B4A1]
[3]  [0x00007FF80137B3EF]
[4]  [0x00007FF8013619FE]
[5]  [0x00007FF801360ED1]
[6]  [0x00007FF801360D76]
[7]  [0x00007FF8013079F6]
[8]  [0x00007FF8012F7AFB]
[9]  [0x00007FF80141E90A]
[10]  [0x00007FF801439F87]
[11]  [0x00007FF80143A05F]
[12] (BaseThreadInitThunk+0x14) [0x00007FF8A0473DC4]
[13] (RtlUserThreadStart+0x21) [0x00007FF8A2C13691]
Done
Exception at PC 0x00007FF89F3EA388
